<?xml version="1.0" encoding="UTF-8"?>
<testsuites name="TS1001 search by Keyword" time="28.32" tests="3" failures="0" errors="0">
   <testsuite name="TS1001 search by Keyword" tests="3" failures="0" errors="0" time="28.32" skipped="0" timestamp="2565-12-16 12:26:45" hostname="ADMIN - 10.1.96.237" id="Test Suites/TS1001 search by Keyword">
      <properties>
         <property name="deviceName" value=""/>
         <property name="devicePlatform" value=""/>
         <property name="logFolder" value="C:\\Users\\ADMIN\\Katalon Studio\\TestingMethod2\\Reports\\25651216_122629\\TS1001 search by Keyword\\25651216_122629"/>
         <property name="logFiles" value="C:\\Users\\ADMIN\\Katalon Studio\\TestingMethod2\\Reports\\25651216_122629\\TS1001 search by Keyword\\25651216_122629\\execution0.log"/>
         <property name="attachments" value=""/>
         <property name="hostName" value="ADMIN - 10.1.96.237"/>
         <property name="os" value="Windows 10 64bit"/>
         <property name="katalonVersion" value="8.5.5.208"/>
         <property name="browser" value="Chrome 108.0.0.0"/>
         <property name="hostAddress" value="10.1.96.237"/>
         <property name="sessionId" value="570d6551a1bf8651539b288f5c483f2a"/>
         <property name="seleniumVersion" value="3.141.59"/>
         <property name="proxyInformation" value="ProxyInformation { proxyOption=NO_PROXY, proxyServerType=HTTP, username=, password=********, proxyServerAddress=, proxyServerPort=0, executionList=&quot;&quot;, isApplyToDesiredCapabilities=true }"/>
         <property name="platform" value="Windows 10"/>
      </properties>
      <testcase name="Test Cases/TC 1001 Search By Keyword" time="10.061" classname="Test Cases/TC 1001 Search By Keyword" status="PASSED">
         <system-out><![CDATA[2565-12-16 12:26:46 - [TEST_CASE][PASSED] - Test Cases/TC 1001 Search By Keyword: Test Cases/TC 1001 Search By Keyword

2565-12-16 12:26:46 - [TEST_STEP][PASSED] - openBrowser(""): Browser is opened with url: ''

2565-12-16 12:26:46 - [MESSAGE][INFO] - Starting 'Chrome' driver

2565-12-16 12:26:46 - [MESSAGE][INFO] - Action delay is set to 0 milliseconds

2565-12-16 12:26:48 - [MESSAGE][PASSED] - Browser is opened with url: ''

2565-12-16 12:26:48 - [TEST_STEP][PASSED] - navigateToUrl("https://www.google.com"): Navigate to 'https://www.google.com' successfully

2565-12-16 12:26:49 - [MESSAGE][PASSED] - Navigate to 'https://www.google.com' successfully

2565-12-16 12:26:49 - [TEST_STEP][PASSED] - setText(findTestObject("Page_Google/input__q"), "KRU"): Text 'KRU' is set on object 'Object Repository/Page_Google/input__q'

2565-12-16 12:26:50 - [MESSAGE][PASSED] - Text 'KRU' is set on object 'Object Repository/Page_Google/input__q'

2565-12-16 12:26:50 - [TEST_STEP][PASSED] - click(findTestObject("Page_Google/input__btnK")): Object: 'Object Repository/Page_Google/input__btnK' is clicked on

2565-12-16 12:26:54 - [MESSAGE][PASSED] - Object: 'Object Repository/Page_Google/input__btnK' is clicked on

2565-12-16 12:26:54 - [TEST_STEP][PASSED] - verifyTextPresent("มหาวิทยาลัยราชภัฏกาญจนบุรี", false): Text 'มหาวิทยาลัยราชภัฏกาญจนบุรี' is present on page 

2565-12-16 12:26:55 - [MESSAGE][PASSED] - Text 'มหาวิทยาลัยราชภัฏกาญจนบุรี' is present on page 

2565-12-16 12:26:55 - [TEST_STEP][PASSED] - closeBrowser(): Browser is closed

2565-12-16 12:26:56 - [MESSAGE][PASSED] - Browser is closed]]></system-out>
         <system-err><![CDATA[]]></system-err>
      </testcase>
      <testcase name="Test Cases/TC 1002 Search By Keyword" time="8.473" classname="Test Cases/TC 1002 Search By Keyword" status="PASSED">
         <system-out><![CDATA[2565-12-16 12:26:56 - [TEST_CASE][PASSED] - Test Cases/TC 1002 Search By Keyword: Test Cases/TC 1002 Search By Keyword

2565-12-16 12:26:56 - [TEST_STEP][PASSED] - openBrowser(""): Browser is opened with url: ''

2565-12-16 12:26:56 - [MESSAGE][INFO] - Starting 'Chrome' driver

2565-12-16 12:26:56 - [MESSAGE][INFO] - Action delay is set to 0 milliseconds

2565-12-16 12:26:57 - [MESSAGE][PASSED] - Browser is opened with url: ''

2565-12-16 12:26:57 - [TEST_STEP][PASSED] - navigateToUrl("https://www.google.com"): Navigate to 'https://www.google.com' successfully

2565-12-16 12:26:59 - [MESSAGE][PASSED] - Navigate to 'https://www.google.com' successfully

2565-12-16 12:26:59 - [TEST_STEP][PASSED] - setText(findTestObject("Page_Google/input__q"), "NPRU"): Text 'NPRU' is set on object 'Object Repository/Page_Google/input__q'

2565-12-16 12:26:59 - [MESSAGE][PASSED] - Text 'NPRU' is set on object 'Object Repository/Page_Google/input__q'

2565-12-16 12:26:59 - [TEST_STEP][PASSED] - click(findTestObject("Page_Google/input__btnK")): Object: 'Object Repository/Page_Google/input__btnK' is clicked on

2565-12-16 12:27:03 - [MESSAGE][PASSED] - Object: 'Object Repository/Page_Google/input__btnK' is clicked on

2565-12-16 12:27:03 - [TEST_STEP][PASSED] - verifyTextPresent("มหาวิทยาลัยราชภัฏนครปฐม", false): Text 'มหาวิทยาลัยราชภัฏนครปฐม' is present on page 

2565-12-16 12:27:03 - [MESSAGE][PASSED] - Text 'มหาวิทยาลัยราชภัฏนครปฐม' is present on page 

2565-12-16 12:27:03 - [TEST_STEP][PASSED] - closeBrowser(): Browser is closed

2565-12-16 12:27:04 - [MESSAGE][PASSED] - Browser is closed]]></system-out>
         <system-err><![CDATA[]]></system-err>
      </testcase>
      <testcase name="Test Cases/TC 1003 Search By Keyword" time="9.485" classname="Test Cases/TC 1003 Search By Keyword" status="PASSED">
         <system-out><![CDATA[2565-12-16 12:27:04 - [TEST_CASE][PASSED] - Test Cases/TC 1003 Search By Keyword: Test Cases/TC 1003 Search By Keyword

2565-12-16 12:27:04 - [TEST_STEP][PASSED] - openBrowser(""): Browser is opened with url: ''

2565-12-16 12:27:04 - [MESSAGE][INFO] - Starting 'Chrome' driver

2565-12-16 12:27:04 - [MESSAGE][INFO] - Action delay is set to 0 milliseconds

2565-12-16 12:27:06 - [MESSAGE][PASSED] - Browser is opened with url: ''

2565-12-16 12:27:06 - [TEST_STEP][PASSED] - navigateToUrl("https://www.google.com"): Navigate to 'https://www.google.com' successfully

2565-12-16 12:27:07 - [MESSAGE][PASSED] - Navigate to 'https://www.google.com' successfully

2565-12-16 12:27:07 - [TEST_STEP][PASSED] - setText(findTestObject("Page_Google/input__q"), "CRU"): Text 'CRU' is set on object 'Object Repository/Page_Google/input__q'

2565-12-16 12:27:08 - [MESSAGE][PASSED] - Text 'CRU' is set on object 'Object Repository/Page_Google/input__q'

2565-12-16 12:27:08 - [TEST_STEP][PASSED] - click(findTestObject("Page_Google/input__btnK")): Object: 'Object Repository/Page_Google/input__btnK' is clicked on

2565-12-16 12:27:12 - [MESSAGE][PASSED] - Object: 'Object Repository/Page_Google/input__btnK' is clicked on

2565-12-16 12:27:12 - [TEST_STEP][PASSED] - verifyTextPresent("มหาวิทยาลัยราชภัฏจันทรเกษม", false): Text 'มหาวิทยาลัยราชภัฏจันทรเกษม' is present on page 

2565-12-16 12:27:13 - [MESSAGE][PASSED] - Text 'มหาวิทยาลัยราชภัฏจันทรเกษม' is present on page 

2565-12-16 12:27:13 - [TEST_STEP][PASSED] - closeBrowser(): Browser is closed

2565-12-16 12:27:14 - [MESSAGE][PASSED] - Browser is closed]]></system-out>
         <system-err><![CDATA[]]></system-err>
      </testcase>
      <system-out><![CDATA[2565-12-16 12:26:45 - [TEST_SUITE][PASSED] - TS1001 search by Keyword: Test Cases/TC 1003 Search By Keyword]]></system-out>
      <system-err><![CDATA[]]></system-err>
   </testsuite>
</testsuites>
